<?xml version="1.0" encoding="UTF-8"?>
<!-- Generated by org.testng.reporters.JUnitXMLReporter -->
<testsuite hostname="DESKTOP-SHJRQ9O" ignored="0" name="Default test" tests="3" failures="0" timestamp="12 Jul 2018 18:11:08 GMT" time="30.199" errors="0">
  <testcase name="loginPageTitleTest" time="0.102" classname="com.crm.qa.testcases.LoginPageTest"/>
  <testcase name="crmLogoImageTest" time="0.328" classname="com.crm.qa.testcases.LoginPageTest"/>
  <testcase name="loginTest" time="4.562" classname="com.crm.qa.testcases.LoginPageTest"/>
</testsuite> <!-- Default test -->
