<?xml version="1.0" encoding="UTF-8"?>
<!-- Generated by org.testng.reporters.JUnitXMLReporter -->
<testsuite hostname="DESKTOP-SHJRQ9O" ignored="0" name="freeCrm App Test cases" tests="5" failures="0" timestamp="17 Jul 2018 20:40:26 GMT" time="53.637" errors="0">
  <testcase name="verifyHomePageTitleTest" time="0.043" classname="com.crm.qa.testcases.HomePageTest"/>
  <testcase name="loginPageTitleTest" time="0.122" classname="com.crm.qa.testcases.LoginPageTest"/>
  <testcase name="verifyUserNameTest" time="0.233" classname="com.crm.qa.testcases.HomePageTest"/>
  <testcase name="crmLogoImageTest" time="0.161" classname="com.crm.qa.testcases.LoginPageTest"/>
  <testcase name="loginTest" time="3.677" classname="com.crm.qa.testcases.LoginPageTest"/>
</testsuite> <!-- freeCrm App Test cases -->
