<?xml version="1.0" encoding="UTF-8"?>
<testng-results skipped="0" failed="0" ignored="0" total="5" passed="5">
  <reporter-output>
  </reporter-output>
  <suite name="Free CRM APPLICATION test Automation" duration-ms="53637" started-at="2018-07-17T20:39:33Z" finished-at="2018-07-17T20:40:26Z">
    <groups>
    </groups>
    <test name="freeCrm App Test cases" duration-ms="53637" started-at="2018-07-17T20:39:33Z" finished-at="2018-07-17T20:40:26Z">
      <class name="com.crm.qa.testcases.HomePageTest">
        <test-method status="PASS" signature="setUp()[pri:0, instance:com.crm.qa.testcases.HomePageTest@569cfc36]" name="setUp" is-config="true" duration-ms="14568" started-at="2018-07-17T20:39:33Z" finished-at="2018-07-17T20:39:47Z">
          <reporter-output>
          </reporter-output>
        </test-method> <!-- setUp -->
        <test-method status="PASS" signature="verifyHomePageTitleTest()[pri:1, instance:com.crm.qa.testcases.HomePageTest@569cfc36]" name="verifyHomePageTitleTest" duration-ms="43" started-at="2018-07-17T20:39:47Z" finished-at="2018-07-17T20:39:47Z">
          <reporter-output>
          </reporter-output>
        </test-method> <!-- verifyHomePageTitleTest -->
        <test-method status="PASS" signature="tearDown()[pri:0, instance:com.crm.qa.testcases.HomePageTest@569cfc36]" name="tearDown" is-config="true" duration-ms="1025" started-at="2018-07-17T20:39:47Z" finished-at="2018-07-17T20:39:48Z">
          <reporter-output>
          </reporter-output>
        </test-method> <!-- tearDown -->
        <test-method status="PASS" signature="setUp()[pri:0, instance:com.crm.qa.testcases.HomePageTest@569cfc36]" name="setUp" is-config="true" duration-ms="10152" started-at="2018-07-17T20:39:56Z" finished-at="2018-07-17T20:40:06Z">
          <reporter-output>
          </reporter-output>
        </test-method> <!-- setUp -->
        <test-method status="PASS" signature="verifyUserNameTest()[pri:2, instance:com.crm.qa.testcases.HomePageTest@569cfc36]" name="verifyUserNameTest" duration-ms="233" started-at="2018-07-17T20:40:06Z" finished-at="2018-07-17T20:40:06Z">
          <reporter-output>
          </reporter-output>
        </test-method> <!-- verifyUserNameTest -->
        <test-method status="PASS" signature="tearDown()[pri:0, instance:com.crm.qa.testcases.HomePageTest@569cfc36]" name="tearDown" is-config="true" duration-ms="974" started-at="2018-07-17T20:40:06Z" finished-at="2018-07-17T20:40:07Z">
          <reporter-output>
          </reporter-output>
        </test-method> <!-- tearDown -->
      </class> <!-- com.crm.qa.testcases.HomePageTest -->
      <class name="com.crm.qa.testcases.LoginPageTest">
        <test-method status="PASS" signature="setUP()[pri:0, instance:com.crm.qa.testcases.LoginPageTest@43bd930a]" name="setUP" is-config="true" duration-ms="6752" started-at="2018-07-17T20:39:48Z" finished-at="2018-07-17T20:39:55Z">
          <reporter-output>
          </reporter-output>
        </test-method> <!-- setUP -->
        <test-method status="PASS" signature="loginPageTitleTest()[pri:1, instance:com.crm.qa.testcases.LoginPageTest@43bd930a]" name="loginPageTitleTest" duration-ms="122" started-at="2018-07-17T20:39:55Z" finished-at="2018-07-17T20:39:55Z">
          <reporter-output>
          </reporter-output>
        </test-method> <!-- loginPageTitleTest -->
        <test-method status="PASS" signature="tearDown()[pri:0, instance:com.crm.qa.testcases.LoginPageTest@43bd930a]" name="tearDown" is-config="true" duration-ms="966" started-at="2018-07-17T20:39:55Z" finished-at="2018-07-17T20:39:56Z">
          <reporter-output>
          </reporter-output>
        </test-method> <!-- tearDown -->
        <test-method status="PASS" signature="setUP()[pri:0, instance:com.crm.qa.testcases.LoginPageTest@43bd930a]" name="setUP" is-config="true" duration-ms="6740" started-at="2018-07-17T20:40:07Z" finished-at="2018-07-17T20:40:14Z">
          <reporter-output>
          </reporter-output>
        </test-method> <!-- setUP -->
        <test-method status="PASS" signature="crmLogoImageTest()[pri:2, instance:com.crm.qa.testcases.LoginPageTest@43bd930a]" name="crmLogoImageTest" duration-ms="161" started-at="2018-07-17T20:40:14Z" finished-at="2018-07-17T20:40:14Z">
          <reporter-output>
          </reporter-output>
        </test-method> <!-- crmLogoImageTest -->
        <test-method status="PASS" signature="tearDown()[pri:0, instance:com.crm.qa.testcases.LoginPageTest@43bd930a]" name="tearDown" is-config="true" duration-ms="847" started-at="2018-07-17T20:40:14Z" finished-at="2018-07-17T20:40:15Z">
          <reporter-output>
          </reporter-output>
        </test-method> <!-- tearDown -->
        <test-method status="PASS" signature="setUP()[pri:0, instance:com.crm.qa.testcases.LoginPageTest@43bd930a]" name="setUP" is-config="true" duration-ms="6272" started-at="2018-07-17T20:40:15Z" finished-at="2018-07-17T20:40:21Z">
          <reporter-output>
          </reporter-output>
        </test-method> <!-- setUP -->
        <test-method status="PASS" signature="loginTest()[pri:3, instance:com.crm.qa.testcases.LoginPageTest@43bd930a]" name="loginTest" duration-ms="3677" started-at="2018-07-17T20:40:21Z" finished-at="2018-07-17T20:40:25Z">
          <reporter-output>
          </reporter-output>
        </test-method> <!-- loginTest -->
        <test-method status="PASS" signature="tearDown()[pri:0, instance:com.crm.qa.testcases.LoginPageTest@43bd930a]" name="tearDown" is-config="true" duration-ms="1010" started-at="2018-07-17T20:40:25Z" finished-at="2018-07-17T20:40:26Z">
          <reporter-output>
          </reporter-output>
        </test-method> <!-- tearDown -->
      </class> <!-- com.crm.qa.testcases.LoginPageTest -->
    </test> <!-- freeCrm App Test cases -->
  </suite> <!-- Free CRM APPLICATION test Automation -->
</testng-results>
