<?xml version="1.0" encoding="UTF-8"?>
<testng-results skipped="0" failed="0" ignored="0" total="1" passed="1">
  <reporter-output>
  </reporter-output>
  <suite name="Default suite" duration-ms="31421" started-at="2018-07-12T02:23:26Z" finished-at="2018-07-12T02:23:57Z">
    <groups>
    </groups>
    <test name="Default test" duration-ms="31421" started-at="2018-07-12T02:23:26Z" finished-at="2018-07-12T02:23:57Z">
      <class name="com.crm.qa.testcases.HomePageTest">
        <test-method status="PASS" signature="setUp()[pri:0, instance:com.crm.qa.testcases.HomePageTest@77ec78b9]" name="setUp" is-config="true" duration-ms="30020" started-at="2018-07-12T02:23:26Z" finished-at="2018-07-12T02:23:56Z">
          <reporter-output>
          </reporter-output>
        </test-method> <!-- setUp -->
        <test-method status="PASS" signature="verifyHomePageTitleTest()[pri:0, instance:com.crm.qa.testcases.HomePageTest@77ec78b9]" name="verifyHomePageTitleTest" duration-ms="52" started-at="2018-07-12T02:23:56Z" finished-at="2018-07-12T02:23:56Z">
          <reporter-output>
          </reporter-output>
        </test-method> <!-- verifyHomePageTitleTest -->
        <test-method status="PASS" signature="tearDown()[pri:0, instance:com.crm.qa.testcases.HomePageTest@77ec78b9]" name="tearDown" is-config="true" duration-ms="1280" started-at="2018-07-12T02:23:56Z" finished-at="2018-07-12T02:23:57Z">
          <reporter-output>
          </reporter-output>
        </test-method> <!-- tearDown -->
      </class> <!-- com.crm.qa.testcases.HomePageTest -->
    </test> <!-- Default test -->
  </suite> <!-- Default suite -->
</testng-results>
